<?xml version="1.0" encoding="UTF-8"?>
<!-- Generated by org.testng.reporters.JUnitReportReporter -->
<testsuite hostname="ManojKumar" failures="0" tests="1" name="Naukari.Naukariprofileupdate.login" time="2.105" errors="0" timestamp="2025-04-18T16:58:23 IST" skipped="0">
  <testcase classname="Naukari.Naukariprofileupdate.login" name="login" time="2.105">
    <system-out>
      <![CDATA[Actual URL: https://www.naukri.com/mnjuser/homepage
Login successful
Expected URL: https://www.naukri.com/mnjuser/homepage]]>
    </system-out>
  </testcase> <!-- login -->
  <system-out>
    <![CDATA[Chrome Browser launched
Browser maximized
URL opened
URL verified
Actual URL: https://www.naukri.com/mnjuser/homepage
Login successful
Expected URL: https://www.naukri.com/mnjuser/homepage]]>
  </system-out>
</testsuite> <!-- Naukari.Naukariprofileupdate.login -->
