<?xml version="1.0" encoding="UTF-8"?>
<!-- Generated by org.testng.reporters.JUnitReportReporter -->
<testsuite hostname="ManojKumar" failures="0" tests="3" name="Naukari.Naukariprofileupdate.Resumeprofileupdate" time="9.356" errors="0" timestamp="2025-04-27T13:58:33 IST" skipped="0">
  <testcase classname="Naukari.Naukariprofileupdate.Resumeprofileupdate" name="Resumeheadlineupdate" time="5.801"/>
  <testcase classname="Naukari.Naukariprofileupdate.Resumeprofileupdate" name="updatekeyskills" time="3.256"/>
  <testcase classname="Naukari.Naukariprofileupdate.Resumeprofileupdate" name="UpdateITSkills" time="0.299"/>
</testsuite> <!-- Naukari.Naukariprofileupdate.Resumeprofileupdate -->
