<?xml version="1.0" encoding="UTF-8"?>
<!-- Generated by org.testng.reporters.JUnitReportReporter -->
<testsuite hostname="ManojKumar" failures="0" tests="3" name="Naukari.Naukariprofileupdate.Resumeprofileupdate" time="5.664" errors="0" timestamp="2025-04-10T20:09:07 IST" skipped="0">
  <testcase classname="Naukari.Naukariprofileupdate.Resumeprofileupdate" name="Resumeheadlineupdate" time="3.865">
    <system-out>
      <![CDATA[Actual URL: https://www.naukri.com/mnjuser/homepage
Login successful
Clicked on View Profile
Clicked on Resume headline
Clicked on Edit Resume headline
Clicked on Save
Resume headline updated successfully]]>
    </system-out>
  </testcase> <!-- Resumeheadlineupdate -->
  <testcase classname="Naukari.Naukariprofileupdate.Resumeprofileupdate" name="updatekeyskills" time="0.987">
    <system-out>
      <![CDATA[Clicked on Keyskills
Clicked on Edit Keyskills
Clicked on Save Keyskills
Keyskills updated successfully]]>
    </system-out>
  </testcase> <!-- updatekeyskills -->
  <testcase classname="Naukari.Naukariprofileupdate.Resumeprofileupdate" name="UpdateITSkills" time="0.812">
    <system-out>
      <![CDATA[Clicked on IT skills]]>
    </system-out>
  </testcase> <!-- UpdateITSkills -->
  <system-out>
    <![CDATA[Browser launched
Browser maximized
URL opened
Actual URL: https://www.naukri.com/mnjuser/homepage
Login successful
Clicked on View Profile
Clicked on Resume headline
Clicked on Edit Resume headline
Clicked on Save
Resume headline updated successfully
Clicked on Keyskills
Clicked on Edit Keyskills
Clicked on Save Keyskills
Keyskills updated successfully
Clicked on IT skills]]>
  </system-out>
</testsuite> <!-- Naukari.Naukariprofileupdate.Resumeprofileupdate -->
