<?xml version="1.0" encoding="UTF-8"?>
<!-- Generated by org.testng.reporters.JUnitReportReporter -->
<testsuite hostname="ManojKumar" failures="0" tests="1" name="Naukari.Naukariprofileupdate.Resumeprofileupdate" time="6.786" errors="0" timestamp="2025-04-03T14:45:46 IST" skipped="0">
  <testcase classname="Naukari.Naukariprofileupdate.Resumeprofileupdate" name="updateresumeprofile" time="6.786"/>
  <system-out>
    <![CDATA[Actual URL: https://www.naukri.com/mnjuser/homepage
Login successful
Resume headline updated successfully]]>
  </system-out>
</testsuite> <!-- Naukari.Naukariprofileupdate.Resumeprofileupdate -->
