<?xml version="1.0" encoding="UTF-8"?>
<!-- Generated by org.testng.reporters.JUnitReportReporter -->
<testsuite hostname="ManojKumar" failures="0" tests="3" name="Naukari.Naukariprofileupdate.Resumeprofileupdate" time="7.545" errors="0" timestamp="2025-04-20T16:12:46 IST" skipped="0">
  <testcase classname="Naukari.Naukariprofileupdate.Resumeprofileupdate" name="Resumeheadlineupdate" time="4.568">
    <system-out>
      <![CDATA[Success message: Resume Headline has been successfully saved.]]>
    </system-out>
  </testcase> <!-- Resumeheadlineupdate -->
  <testcase classname="Naukari.Naukariprofileupdate.Resumeprofileupdate" name="updatekeyskills" time="2.770">
    <system-out>
      <![CDATA[Success message: Key Skills have been successfully saved.]]>
    </system-out>
  </testcase> <!-- updatekeyskills -->
  <testcase classname="Naukari.Naukariprofileupdate.Resumeprofileupdate" name="UpdateITSkills" time="0.207"/>
  <system-out>
    <![CDATA[Success message: Resume Headline has been successfully saved.
Success message: Key Skills have been successfully saved.]]>
  </system-out>
</testsuite> <!-- Naukari.Naukariprofileupdate.Resumeprofileupdate -->
