<?xml version="1.0" encoding="UTF-8"?>
<!-- Generated by org.testng.reporters.JUnitReportReporter -->
<testsuite hostname="ManojKumar" failures="0" tests="3" name="Naukari.Naukariprofileupdate.Resumeprofileupdate" time="8.384" errors="0" timestamp="2025-04-21T11:20:55 IST" skipped="0">
  <testcase classname="Naukari.Naukariprofileupdate.Resumeprofileupdate" name="Resumeheadlineupdate" time="5.245">
    <system-out>
      <![CDATA[Success message: Resume Headline has been successfully saved.]]>
    </system-out>
  </testcase> <!-- Resumeheadlineupdate -->
  <testcase classname="Naukari.Naukariprofileupdate.Resumeprofileupdate" name="updatekeyskills" time="2.864">
    <system-out>
      <![CDATA[Success message: Key Skills have been successfully saved.]]>
    </system-out>
  </testcase> <!-- updatekeyskills -->
  <testcase classname="Naukari.Naukariprofileupdate.Resumeprofileupdate" name="UpdateITSkills" time="0.275"/>
  <system-out>
    <![CDATA[Success message: Resume Headline has been successfully saved.
Success message: Key Skills have been successfully saved.]]>
  </system-out>
</testsuite> <!-- Naukari.Naukariprofileupdate.Resumeprofileupdate -->
