<?xml version="1.0" encoding="UTF-8"?>
<!-- Generated by org.testng.reporters.JUnitReportReporter -->
<testsuite hostname="ManojKumar" failures="0" tests="3" name="Naukari.Naukariprofileupdate.Resumeprofileupdate" time="11.485" errors="0" timestamp="2025-04-21T12:51:51 IST" skipped="0">
  <testcase classname="Naukari.Naukariprofileupdate.Resumeprofileupdate" name="Resumeheadlineupdate" time="7.718"/>
  <testcase classname="Naukari.Naukariprofileupdate.Resumeprofileupdate" name="updatekeyskills" time="3.319">
    <system-out>
      <![CDATA[Success message: Key Skills have been successfully saved.]]>
    </system-out>
  </testcase> <!-- updatekeyskills -->
  <testcase classname="Naukari.Naukariprofileupdate.Resumeprofileupdate" name="UpdateITSkills" time="0.448"/>
  <system-out>
    <![CDATA[Success message: Key Skills have been successfully saved.]]>
  </system-out>
</testsuite> <!-- Naukari.Naukariprofileupdate.Resumeprofileupdate -->
