<?xml version="1.0" encoding="UTF-8"?>
<!-- Generated by org.testng.reporters.JUnitReportReporter -->
<testsuite hostname="ManojKumar" failures="0" tests="1" name="Naukari.Naukariprofileupdate.Resumeprofileupdate" time="10.417" errors="0" timestamp="2025-04-10T01:37:49 IST" skipped="0">
  <testcase classname="Naukari.Naukariprofileupdate.Resumeprofileupdate" name="updateresumeprofile" time="10.417">
    <system-out>
      <![CDATA[Actual URL: https://www.naukri.com/mnjuser/homepage
Login successful
Resume headline updated successfully]]>
    </system-out>
  </testcase> <!-- updateresumeprofile -->
  <system-out>
    <![CDATA[Browser launched
Browser maximized
URL opened
Actual URL: https://www.naukri.com/mnjuser/homepage
Login successful
Browser launched
Browser maximized
URL opened
Actual URL: https://www.naukri.com/mnjuser/homepage
Login successful
Resume headline updated successfully]]>
  </system-out>
</testsuite> <!-- Naukari.Naukariprofileupdate.Resumeprofileupdate -->
