<?xml version="1.0" encoding="UTF-8"?>
<!-- Generated by org.testng.reporters.JUnitReportReporter -->
<testsuite hostname="ManojKumar" failures="0" tests="1" name="Naukari.Naukariprofileupdate.login" time="1.559" errors="0" timestamp="2025-04-21T11:20:55 IST" skipped="0">
  <testcase classname="Naukari.Naukariprofileupdate.login" name="login" time="1.559"/>
  <system-out>
    <![CDATA[Success message: Resume Headline has been successfully saved.
Success message: Key Skills have been successfully saved.]]>
  </system-out>
</testsuite> <!-- Naukari.Naukariprofileupdate.login -->
