<?xml version="1.0" encoding="UTF-8"?>
<!-- Generated by org.testng.reporters.JUnitReportReporter -->
<testsuite hostname="ManojKumar" failures="0" tests="1" name="Naukari.Naukariprofileupdate.login" time="5.404" errors="0" timestamp="2025-04-21T12:51:51 IST" skipped="0">
  <testcase classname="Naukari.Naukariprofileupdate.login" name="login" time="5.404"/>
  <system-out>
    <![CDATA[Success message: Key Skills have been successfully saved.]]>
  </system-out>
</testsuite> <!-- Naukari.Naukariprofileupdate.login -->
